This file contains any messages produced by compilers while
running configure, to aid debugging if configure makes a mistake.

It was created by pbc configure 0.5.4, which was
generated by GNU Autoconf 2.63.  Invocation command line was

  $ ./configure --no-create --no-recursion

## --------- ##
## Platform. ##
## --------- ##

hostname = omer-ubuntu
uname -m = x86_64
uname -r = 4.4.0-36-generic
uname -s = Linux
uname -v = #55-Ubuntu SMP Thu Aug 11 18:01:55 UTC 2016

/usr/bin/uname -p = unknown
/bin/uname -X     = unknown

/bin/arch              = unknown
/usr/bin/arch -k       = unknown
/usr/convex/getsysinfo = unknown
/usr/bin/hostinfo      = unknown
/bin/machine           = unknown
/usr/bin/oslevel       = unknown
/bin/universe          = unknown

PATH: /usr/local/sbin
PATH: /usr/local/bin
PATH: /usr/sbin
PATH: /usr/bin
PATH: /sbin
PATH: /bin


## ----------- ##
## Core tests. ##
## ----------- ##

configure:2068: checking for a BSD-compatible install
configure:2136: result: /usr/bin/install -c
configure:2147: checking whether build environment is sane
configure:2190: result: yes
configure:2215: checking for a thread-safe mkdir -p
configure:2254: result: /bin/mkdir -p
configure:2267: checking for gawk
configure:2297: result: no
configure:2267: checking for mawk
configure:2283: found /usr/bin/mawk
configure:2294: result: mawk
configure:2305: checking whether make sets $(MAKE)
configure:2327: result: yes
configure:2545: checking build system type
configure:2563: result: x86_64-unknown-linux-gnu
configure:2585: checking host system type
configure:2600: result: x86_64-unknown-linux-gnu
configure:2634: checking for style of include used by make
configure:2662: result: GNU
configure:2732: checking for gcc
configure:2748: found /usr/bin/gcc
configure:2759: result: gcc
configure:2991: checking for C compiler version
configure:2999: gcc --version >&5
gcc (Ubuntu 5.4.0-6ubuntu1~16.04.2) 5.4.0 20160609
Copyright (C) 2015 Free Software Foundation, Inc.
This is free software; see the source for copying conditions.  There is NO
warranty; not even for MERCHANTABILITY or FITNESS FOR A PARTICULAR PURPOSE.

configure:3003: $? = 0
configure:3010: gcc -v >&5
Using built-in specs.
COLLECT_GCC=gcc
COLLECT_LTO_WRAPPER=/usr/lib/gcc/x86_64-linux-gnu/5/lto-wrapper
Target: x86_64-linux-gnu
Configured with: ../src/configure -v --with-pkgversion='Ubuntu 5.4.0-6ubuntu1~16.04.2' --with-bugurl=file:///usr/share/doc/gcc-5/README.Bugs --enable-languages=c,ada,c++,java,go,d,fortran,objc,obj-c++ --prefix=/usr --program-suffix=-5 --enable-shared --enable-linker-build-id --libexecdir=/usr/lib --without-included-gettext --enable-threads=posix --libdir=/usr/lib --enable-nls --with-sysroot=/ --enable-clocale=gnu --enable-libstdcxx-debug --enable-libstdcxx-time=yes --with-default-libstdcxx-abi=new --enable-gnu-unique-object --disable-vtable-verify --enable-libmpx --enable-plugin --with-system-zlib --disable-browser-plugin --enable-java-awt=gtk --enable-gtk-cairo --with-java-home=/usr/lib/jvm/java-1.5.0-gcj-5-amd64/jre --enable-java-home --with-jvm-root-dir=/usr/lib/jvm/java-1.5.0-gcj-5-amd64 --with-jvm-jar-dir=/usr/lib/jvm-exports/java-1.5.0-gcj-5-amd64 --with-arch-directory=amd64 --with-ecj-jar=/usr/share/java/eclipse-ecj.jar --enable-objc-gc --enable-multiarch --disable-werror --with-arch-32=i686 --with-abi=m64 --with-multilib-list=m32,m64,mx32 --enable-multilib --with-tune=generic --enable-checking=release --build=x86_64-linux-gnu --host=x86_64-linux-gnu --target=x86_64-linux-gnu
Thread model: posix
gcc version 5.4.0 20160609 (Ubuntu 5.4.0-6ubuntu1~16.04.2) 
configure:3014: $? = 0
configure:3021: gcc -V >&5
gcc: error: unrecognized command line option '-V'
gcc: fatal error: no input files
compilation terminated.
configure:3025: $? = 1
configure:3048: checking for C compiler default output file name
configure:3070: gcc    conftest.c  >&5
configure:3074: $? = 0
configure:3112: result: a.out
configure:3131: checking whether the C compiler works
configure:3141: ./a.out
configure:3145: $? = 0
configure:3164: result: yes
configure:3171: checking whether we are cross compiling
configure:3173: result: no
configure:3176: checking for suffix of executables
configure:3183: gcc -o conftest    conftest.c  >&5
configure:3187: $? = 0
configure:3213: result: 
configure:3219: checking for suffix of object files
configure:3245: gcc -c   conftest.c >&5
configure:3249: $? = 0
configure:3274: result: o
configure:3278: checking whether we are using the GNU C compiler
configure:3307: gcc -c   conftest.c >&5
configure:3314: $? = 0
configure:3331: result: yes
configure:3340: checking whether gcc accepts -g
configure:3370: gcc -c -g  conftest.c >&5
configure:3377: $? = 0
configure:3478: result: yes
configure:3495: checking for gcc option to accept ISO C89
configure:3569: gcc  -c -g -O2  conftest.c >&5
configure:3576: $? = 0
configure:3599: result: none needed
configure:3619: checking dependency style of gcc
configure:3710: result: gcc3
configure:3725: checking for a sed that does not truncate output
configure:3791: result: /bin/sed
configure:3809: checking for grep that handles long lines and -e
configure:3869: result: /bin/grep
configure:3874: checking for egrep
configure:3938: result: /bin/grep -E
configure:3943: checking for fgrep
configure:4007: result: /bin/grep -F
configure:4042: checking for ld used by gcc
configure:4109: result: /usr/bin/ld
configure:4118: checking if the linker (/usr/bin/ld) is GNU ld
configure:4133: result: yes
configure:4145: checking for BSD- or MS-compatible name lister (nm)
configure:4194: result: /usr/bin/nm -B
configure:4312: checking the name lister (/usr/bin/nm -B) interface
configure:4319: gcc -c -g -O2  conftest.c >&5
configure:4322: /usr/bin/nm -B "conftest.o"
configure:4325: output
0000000000000000 B some_variable
configure:4332: result: BSD nm
configure:4335: checking whether ln -s works
configure:4339: result: yes
configure:4347: checking the maximum length of command line arguments
configure:4467: result: 1572864
configure:4484: checking whether the shell understands some XSI constructs
configure:4494: result: yes
configure:4498: checking whether the shell understands "+="
configure:4504: result: yes
configure:4539: checking for /usr/bin/ld option to reload object files
configure:4546: result: -r
configure:4615: checking for objdump
configure:4631: found /usr/bin/objdump
configure:4642: result: objdump
configure:4674: checking how to recognize dependent libraries
configure:4870: result: pass_all
configure:4930: checking for ar
configure:4946: found /usr/bin/ar
configure:4957: result: ar
configure:5035: checking for strip
configure:5051: found /usr/bin/strip
configure:5062: result: strip
configure:5134: checking for ranlib
configure:5150: found /usr/bin/ranlib
configure:5161: result: ranlib
configure:5251: checking command to parse /usr/bin/nm -B output from gcc object
configure:5369: gcc -c -g -O2  conftest.c >&5
configure:5372: $? = 0
configure:5376: /usr/bin/nm -B conftest.o \| sed -n -e 's/^.*[	 ]\([ABCDGIRSTW][ABCDGIRSTW]*\)[	 ][	 ]*\([_A-Za-z][_A-Za-z0-9]*\)$/\1 \2 \2/p' \> conftest.nm
configure:5379: $? = 0
configure:5433: gcc -o conftest -g -O2   conftest.c conftstm.o >&5
configure:5436: $? = 0
configure:5474: result: ok
configure:5570: gcc -c -g -O2  conftest.c >&5
configure:5573: $? = 0
configure:6341: checking how to run the C preprocessor
configure:6381: gcc -E  conftest.c
configure:6388: $? = 0
configure:6419: gcc -E  conftest.c
conftest.c:10:28: fatal error: ac_nonexistent.h: No such file or directory
compilation terminated.
configure:6426: $? = 1
configure: failed program was:
| /* confdefs.h.  */
| #define PACKAGE_NAME "pbc"
| #define PACKAGE_TARNAME "pbc"
| #define PACKAGE_VERSION "0.5.4"
| #define PACKAGE_STRING "pbc 0.5.4"
| #define PACKAGE_BUGREPORT "blynn@cs.stanford.edu"
| #define PACKAGE "pbc"
| #define VERSION "0.5.4"
| /* end confdefs.h.  */
| #include <ac_nonexistent.h>
configure:6459: result: gcc -E
configure:6488: gcc -E  conftest.c
configure:6495: $? = 0
configure:6526: gcc -E  conftest.c
conftest.c:10:28: fatal error: ac_nonexistent.h: No such file or directory
compilation terminated.
configure:6533: $? = 1
configure: failed program was:
| /* confdefs.h.  */
| #define PACKAGE_NAME "pbc"
| #define PACKAGE_TARNAME "pbc"
| #define PACKAGE_VERSION "0.5.4"
| #define PACKAGE_STRING "pbc 0.5.4"
| #define PACKAGE_BUGREPORT "blynn@cs.stanford.edu"
| #define PACKAGE "pbc"
| #define VERSION "0.5.4"
| /* end confdefs.h.  */
| #include <ac_nonexistent.h>
configure:6573: checking for ANSI C header files
configure:6603: gcc -c -g -O2  conftest.c >&5
configure:6610: $? = 0
configure:6709: gcc -o conftest -g -O2   conftest.c  >&5
configure:6713: $? = 0
configure:6719: ./conftest
configure:6723: $? = 0
configure:6741: result: yes
configure:6765: checking for sys/types.h
configure:6786: gcc -c -g -O2  conftest.c >&5
configure:6793: $? = 0
configure:6810: result: yes
configure:6765: checking for sys/stat.h
configure:6786: gcc -c -g -O2  conftest.c >&5
configure:6793: $? = 0
configure:6810: result: yes
configure:6765: checking for stdlib.h
configure:6786: gcc -c -g -O2  conftest.c >&5
configure:6793: $? = 0
configure:6810: result: yes
configure:6765: checking for string.h
configure:6786: gcc -c -g -O2  conftest.c >&5
configure:6793: $? = 0
configure:6810: result: yes
configure:6765: checking for memory.h
configure:6786: gcc -c -g -O2  conftest.c >&5
configure:6793: $? = 0
configure:6810: result: yes
configure:6765: checking for strings.h
configure:6786: gcc -c -g -O2  conftest.c >&5
configure:6793: $? = 0
configure:6810: result: yes
configure:6765: checking for inttypes.h
configure:6786: gcc -c -g -O2  conftest.c >&5
configure:6793: $? = 0
configure:6810: result: yes
configure:6765: checking for stdint.h
configure:6786: gcc -c -g -O2  conftest.c >&5
configure:6793: $? = 0
configure:6810: result: yes
configure:6765: checking for unistd.h
configure:6786: gcc -c -g -O2  conftest.c >&5
configure:6793: $? = 0
configure:6810: result: yes
configure:6828: checking for dlfcn.h
configure:6849: gcc -c -g -O2  conftest.c >&5
configure:6856: $? = 0
configure:6873: result: yes
configure:7059: checking for objdir
configure:7074: result: .libs
configure:7366: checking if gcc supports -fno-rtti -fno-exceptions
configure:7384: gcc -c -g -O2  -fno-rtti -fno-exceptions conftest.c >&5
cc1: warning: command line option '-fno-rtti' is valid for C++/ObjC++ but not for C
configure:7388: $? = 0
configure:7401: result: no
configure:7421: checking for gcc option to produce PIC
configure:7693: result: -fPIC -DPIC
configure:7705: checking if gcc PIC flag -fPIC -DPIC works
configure:7723: gcc -c -g -O2  -fPIC -DPIC -DPIC conftest.c >&5
configure:7727: $? = 0
configure:7740: result: yes
configure:7764: checking if gcc static flag -static works
configure:7792: result: yes
configure:7807: checking if gcc supports -c -o file.o
configure:7828: gcc -c -g -O2  -o out/conftest2.o conftest.c >&5
configure:7832: $? = 0
configure:7854: result: yes
configure:7862: checking if gcc supports -c -o file.o
configure:7909: result: yes
configure:7942: checking whether the gcc linker (/usr/bin/ld -m elf_x86_64) supports shared libraries
configure:9017: result: yes
configure:9054: checking whether -lc should be explicitly linked in
configure:9059: gcc -c -g -O2  conftest.c >&5
configure:9062: $? = 0
configure:9077: gcc -shared conftest.o  -v -Wl,-soname -Wl,conftest -o conftest 2\>\&1 \| /bin/grep  -lc  \>/dev/null 2\>\&1
configure:9080: $? = 0
configure:9092: result: no
configure:9256: checking dynamic linker characteristics
configure:9699: gcc -o conftest -g -O2   -Wl,-rpath -Wl,/foo conftest.c  >&5
configure:9706: $? = 0
configure:9951: result: GNU/Linux ld.so
configure:10053: checking how to hardcode library paths into programs
configure:10078: result: immediate
configure:10911: checking whether stripping libraries is possible
configure:10916: result: yes
configure:10951: checking if libtool supports shared libraries
configure:10953: result: yes
configure:10956: checking whether to build shared libraries
configure:10977: result: yes
configure:10980: checking whether to build static libraries
configure:10984: result: yes
configure:11098: checking for gcc
configure:11125: result: gcc
configure:11357: checking for C compiler version
configure:11365: gcc --version >&5
gcc (Ubuntu 5.4.0-6ubuntu1~16.04.2) 5.4.0 20160609
Copyright (C) 2015 Free Software Foundation, Inc.
This is free software; see the source for copying conditions.  There is NO
warranty; not even for MERCHANTABILITY or FITNESS FOR A PARTICULAR PURPOSE.

configure:11369: $? = 0
configure:11376: gcc -v >&5
Using built-in specs.
COLLECT_GCC=gcc
COLLECT_LTO_WRAPPER=/usr/lib/gcc/x86_64-linux-gnu/5/lto-wrapper
Target: x86_64-linux-gnu
Configured with: ../src/configure -v --with-pkgversion='Ubuntu 5.4.0-6ubuntu1~16.04.2' --with-bugurl=file:///usr/share/doc/gcc-5/README.Bugs --enable-languages=c,ada,c++,java,go,d,fortran,objc,obj-c++ --prefix=/usr --program-suffix=-5 --enable-shared --enable-linker-build-id --libexecdir=/usr/lib --without-included-gettext --enable-threads=posix --libdir=/usr/lib --enable-nls --with-sysroot=/ --enable-clocale=gnu --enable-libstdcxx-debug --enable-libstdcxx-time=yes --with-default-libstdcxx-abi=new --enable-gnu-unique-object --disable-vtable-verify --enable-libmpx --enable-plugin --with-system-zlib --disable-browser-plugin --enable-java-awt=gtk --enable-gtk-cairo --with-java-home=/usr/lib/jvm/java-1.5.0-gcj-5-amd64/jre --enable-java-home --with-jvm-root-dir=/usr/lib/jvm/java-1.5.0-gcj-5-amd64 --with-jvm-jar-dir=/usr/lib/jvm-exports/java-1.5.0-gcj-5-amd64 --with-arch-directory=amd64 --with-ecj-jar=/usr/share/java/eclipse-ecj.jar --enable-objc-gc --enable-multiarch --disable-werror --with-arch-32=i686 --with-abi=m64 --with-multilib-list=m32,m64,mx32 --enable-multilib --with-tune=generic --enable-checking=release --build=x86_64-linux-gnu --host=x86_64-linux-gnu --target=x86_64-linux-gnu
Thread model: posix
gcc version 5.4.0 20160609 (Ubuntu 5.4.0-6ubuntu1~16.04.2) 
configure:11380: $? = 0
configure:11387: gcc -V >&5
gcc: error: unrecognized command line option '-V'
gcc: fatal error: no input files
compilation terminated.
configure:11391: $? = 1
configure:11394: checking whether we are using the GNU C compiler
configure:11447: result: yes
configure:11456: checking whether gcc accepts -g
configure:11594: result: yes
configure:11611: checking for gcc option to accept ISO C89
configure:11715: result: none needed
configure:11735: checking dependency style of gcc
configure:11826: result: gcc3
configure:11846: checking how to run the C preprocessor
configure:11964: result: gcc -E
configure:11993: gcc -E  conftest.c
configure:12000: $? = 0
configure:12031: gcc -E  conftest.c
conftest.c:22:28: fatal error: ac_nonexistent.h: No such file or directory
compilation terminated.
configure:12038: $? = 1
configure: failed program was:
| /* confdefs.h.  */
| #define PACKAGE_NAME "pbc"
| #define PACKAGE_TARNAME "pbc"
| #define PACKAGE_VERSION "0.5.4"
| #define PACKAGE_STRING "pbc 0.5.4"
| #define PACKAGE_BUGREPORT "blynn@cs.stanford.edu"
| #define PACKAGE "pbc"
| #define VERSION "0.5.4"
| #define STDC_HEADERS 1
| #define HAVE_SYS_TYPES_H 1
| #define HAVE_SYS_STAT_H 1
| #define HAVE_STDLIB_H 1
| #define HAVE_STRING_H 1
| #define HAVE_MEMORY_H 1
| #define HAVE_STRINGS_H 1
| #define HAVE_INTTYPES_H 1
| #define HAVE_STDINT_H 1
| #define HAVE_UNISTD_H 1
| #define HAVE_DLFCN_H 1
| #define LT_OBJDIR ".libs/"
| /* end confdefs.h.  */
| #include <ac_nonexistent.h>
configure:12091: checking for a BSD-compatible install
configure:12159: result: /usr/bin/install -c
configure:12170: checking whether ln -s works
configure:12174: result: yes
configure:12181: checking whether make sets $(MAKE)
configure:12203: result: yes
configure:12216: checking for pow in -lm
configure:12251: gcc -o conftest    conftest.c -lm   >&5
conftest.c:29:6: warning: conflicting types for built-in function 'pow'
 char pow ();
      ^
configure:12258: $? = 0
configure:12279: result: yes
configure:12299: checking for __gmpz_init in -lgmp
configure:12334: gcc -o conftest    conftest.c -lgmp  -lm  >&5
configure:12341: $? = 0
configure:12362: result: yes
configure:12386: checking for working alloca.h
configure:12413: gcc -o conftest    conftest.c  >&5
configure:12420: $? = 0
configure:12440: result: yes
configure:12450: checking for alloca
configure:12497: gcc -o conftest    conftest.c  >&5
configure:12504: $? = 0
configure:12524: result: yes
configure:12761: checking for ANSI C header files
configure:12929: result: yes
configure:12946: checking for stdlib.h
configure:12953: result: yes
configure:12946: checking for string.h
configure:12953: result: yes
configure:12957: checking sys/time.h usability
configure:12974: gcc -c   conftest.c >&5
configure:12981: $? = 0
configure:12995: result: yes
configure:12999: checking sys/time.h presence
configure:13014: gcc -E  conftest.c
configure:13021: $? = 0
configure:13035: result: yes
configure:13068: checking for sys/time.h
configure:13077: result: yes
configure:13094: checking for an ANSI C-conforming const
configure:13169: gcc -c   conftest.c >&5
configure:13176: $? = 0
configure:13191: result: yes
configure:13201: checking for inline
configure:13227: gcc -c   conftest.c >&5
configure:13234: $? = 0
configure:13252: result: inline
configure:13271: checking for size_t
configure:13299: gcc -c   conftest.c >&5
configure:13306: $? = 0
configure:13333: gcc -c   conftest.c >&5
conftest.c: In function 'main':
conftest.c:66:21: error: expected expression before ')' token
 if (sizeof ((size_t)))
                     ^
configure:13340: $? = 1
configure: failed program was:
| /* confdefs.h.  */
| #define PACKAGE_NAME "pbc"
| #define PACKAGE_TARNAME "pbc"
| #define PACKAGE_VERSION "0.5.4"
| #define PACKAGE_STRING "pbc 0.5.4"
| #define PACKAGE_BUGREPORT "blynn@cs.stanford.edu"
| #define PACKAGE "pbc"
| #define VERSION "0.5.4"
| #define STDC_HEADERS 1
| #define HAVE_SYS_TYPES_H 1
| #define HAVE_SYS_STAT_H 1
| #define HAVE_STDLIB_H 1
| #define HAVE_STRING_H 1
| #define HAVE_MEMORY_H 1
| #define HAVE_STRINGS_H 1
| #define HAVE_INTTYPES_H 1
| #define HAVE_STDINT_H 1
| #define HAVE_UNISTD_H 1
| #define HAVE_DLFCN_H 1
| #define LT_OBJDIR ".libs/"
| #define HAVE_LIBM 1
| #define HAVE_LIBGMP 1
| #define HAVE_ALLOCA_H 1
| #define HAVE_ALLOCA 1
| #define STDC_HEADERS 1
| #define HAVE_STDLIB_H 1
| #define HAVE_STRING_H 1
| #define HAVE_SYS_TIME_H 1
| /* end confdefs.h.  */
| #include <stdio.h>
| #ifdef HAVE_SYS_TYPES_H
| # include <sys/types.h>
| #endif
| #ifdef HAVE_SYS_STAT_H
| # include <sys/stat.h>
| #endif
| #ifdef STDC_HEADERS
| # include <stdlib.h>
| # include <stddef.h>
| #else
| # ifdef HAVE_STDLIB_H
| #  include <stdlib.h>
| # endif
| #endif
| #ifdef HAVE_STRING_H
| # if !defined STDC_HEADERS && defined HAVE_MEMORY_H
| #  include <memory.h>
| # endif
| # include <string.h>
| #endif
| #ifdef HAVE_STRINGS_H
| # include <strings.h>
| #endif
| #ifdef HAVE_INTTYPES_H
| # include <inttypes.h>
| #endif
| #ifdef HAVE_STDINT_H
| # include <stdint.h>
| #endif
| #ifdef HAVE_UNISTD_H
| # include <unistd.h>
| #endif
| int
| main ()
| {
| if (sizeof ((size_t)))
| 	  return 0;
|   ;
|   return 0;
| }
configure:13363: result: yes
configure:13375: checking whether time.h and sys/time.h may both be included
configure:13405: gcc -c   conftest.c >&5
configure:13412: $? = 0
configure:13427: result: yes
configure:13461: checking for stdlib.h
configure:13468: result: yes
configure:13607: checking for GNU libc compatible malloc
configure:13641: gcc -o conftest  -Wall -W -Wfloat-equal -Wpointer-arith -Wcast-align -Wstrict-prototypes -Wredundant-decls -Wendif-labels -Wshadow -pipe -ffast-math -U__STRICT_ANSI__ -std=gnu99 -g -O2   conftest.c  >&5
conftest.c:39:1: warning: function declaration isn't a prototype [-Wstrict-prototypes]
 main ()
 ^
configure:13645: $? = 0
configure:13651: ./conftest
configure:13655: $? = 0
configure:13672: result: yes
configure:13705: checking for stdlib.h
configure:13712: result: yes
configure:13851: checking for GNU libc compatible realloc
configure:13885: gcc -o conftest  -Wall -W -Wfloat-equal -Wpointer-arith -Wcast-align -Wstrict-prototypes -Wredundant-decls -Wendif-labels -Wshadow -pipe -ffast-math -U__STRICT_ANSI__ -std=gnu99 -g -O2   conftest.c  >&5
conftest.c:41:1: warning: function declaration isn't a prototype [-Wstrict-prototypes]
 main ()
 ^
configure:13889: $? = 0
configure:13895: ./conftest
configure:13899: $? = 0
configure:13916: result: yes
configure:13955: checking for floor
configure:14011: gcc -o conftest  -Wall -W -Wfloat-equal -Wpointer-arith -Wcast-align -Wstrict-prototypes -Wredundant-decls -Wendif-labels -Wshadow -pipe -ffast-math -U__STRICT_ANSI__ -std=gnu99 -g -O2   conftest.c  >&5
conftest.c:58:1: warning: function declaration isn't a prototype [-Wstrict-prototypes]
 char floor ();
 ^
conftest.c:58:6: warning: conflicting types for built-in function 'floor'
 char floor ();
      ^
conftest.c:67:1: warning: function declaration isn't a prototype [-Wstrict-prototypes]
 main ()
 ^
/tmp/ccBFeQtO.o: In function `main':
/home/omer/workspace/keyManagerProject/encryption/pbc-0.5.4/conftest.c:69: undefined reference to `floor'
collect2: error: ld returned 1 exit status
configure:14018: $? = 1
configure: failed program was:
| /* confdefs.h.  */
| #define PACKAGE_NAME "pbc"
| #define PACKAGE_TARNAME "pbc"
| #define PACKAGE_VERSION "0.5.4"
| #define PACKAGE_STRING "pbc 0.5.4"
| #define PACKAGE_BUGREPORT "blynn@cs.stanford.edu"
| #define PACKAGE "pbc"
| #define VERSION "0.5.4"
| #define STDC_HEADERS 1
| #define HAVE_SYS_TYPES_H 1
| #define HAVE_SYS_STAT_H 1
| #define HAVE_STDLIB_H 1
| #define HAVE_STRING_H 1
| #define HAVE_MEMORY_H 1
| #define HAVE_STRINGS_H 1
| #define HAVE_INTTYPES_H 1
| #define HAVE_STDINT_H 1
| #define HAVE_UNISTD_H 1
| #define HAVE_DLFCN_H 1
| #define LT_OBJDIR ".libs/"
| #define HAVE_LIBM 1
| #define HAVE_LIBGMP 1
| #define HAVE_ALLOCA_H 1
| #define HAVE_ALLOCA 1
| #define STDC_HEADERS 1
| #define HAVE_STDLIB_H 1
| #define HAVE_STRING_H 1
| #define HAVE_SYS_TIME_H 1
| #define TIME_WITH_SYS_TIME 1
| #define HAVE_STDLIB_H 1
| #define HAVE_MALLOC 1
| #define HAVE_STDLIB_H 1
| #define HAVE_REALLOC 1
| /* end confdefs.h.  */
| /* Define floor to an innocuous variant, in case <limits.h> declares floor.
|    For example, HP-UX 11i <limits.h> declares gettimeofday.  */
| #define floor innocuous_floor
| 
| /* System header to define __stub macros and hopefully few prototypes,
|     which can conflict with char floor (); below.
|     Prefer <limits.h> to <assert.h> if __STDC__ is defined, since
|     <limits.h> exists even on freestanding compilers.  */
| 
| #ifdef __STDC__
| # include <limits.h>
| #else
| # include <assert.h>
| #endif
| 
| #undef floor
| 
| /* Override any GCC internal prototype to avoid an error.
|    Use char because int might match the return type of a GCC
|    builtin and then its argument prototype would still apply.  */
| #ifdef __cplusplus
| extern "C"
| #endif
| char floor ();
| /* The GNU C library defines this for functions which it implements
|     to always fail with ENOSYS.  Some functions are actually named
|     something starting with __ and the normal name is an alias.  */
| #if defined __stub_floor || defined __stub___floor
| choke me
| #endif
| 
| int
| main ()
| {
| return floor ();
|   ;
|   return 0;
| }
configure:14040: result: no
configure:13955: checking for gettimeofday
configure:14011: gcc -o conftest  -Wall -W -Wfloat-equal -Wpointer-arith -Wcast-align -Wstrict-prototypes -Wredundant-decls -Wendif-labels -Wshadow -pipe -ffast-math -U__STRICT_ANSI__ -std=gnu99 -g -O2   conftest.c  >&5
conftest.c:58:1: warning: function declaration isn't a prototype [-Wstrict-prototypes]
 char gettimeofday ();
 ^
conftest.c:67:1: warning: function declaration isn't a prototype [-Wstrict-prototypes]
 main ()
 ^
configure:14018: $? = 0
configure:14040: result: yes
configure:13955: checking for memmove
configure:14011: gcc -o conftest  -Wall -W -Wfloat-equal -Wpointer-arith -Wcast-align -Wstrict-prototypes -Wredundant-decls -Wendif-labels -Wshadow -pipe -ffast-math -U__STRICT_ANSI__ -std=gnu99 -g -O2   conftest.c  >&5
conftest.c:59:1: warning: function declaration isn't a prototype [-Wstrict-prototypes]
 char memmove ();
 ^
conftest.c:59:6: warning: conflicting types for built-in function 'memmove'
 char memmove ();
      ^
conftest.c:68:1: warning: function declaration isn't a prototype [-Wstrict-prototypes]
 main ()
 ^
configure:14018: $? = 0
configure:14040: result: yes
configure:13955: checking for memset
configure:14011: gcc -o conftest  -Wall -W -Wfloat-equal -Wpointer-arith -Wcast-align -Wstrict-prototypes -Wredundant-decls -Wendif-labels -Wshadow -pipe -ffast-math -U__STRICT_ANSI__ -std=gnu99 -g -O2   conftest.c  >&5
conftest.c:60:1: warning: function declaration isn't a prototype [-Wstrict-prototypes]
 char memset ();
 ^
conftest.c:60:6: warning: conflicting types for built-in function 'memset'
 char memset ();
      ^
conftest.c:69:1: warning: function declaration isn't a prototype [-Wstrict-prototypes]
 main ()
 ^
configure:14018: $? = 0
configure:14040: result: yes
configure:13955: checking for pow
configure:14011: gcc -o conftest  -Wall -W -Wfloat-equal -Wpointer-arith -Wcast-align -Wstrict-prototypes -Wredundant-decls -Wendif-labels -Wshadow -pipe -ffast-math -U__STRICT_ANSI__ -std=gnu99 -g -O2   conftest.c  >&5
conftest.c:61:1: warning: function declaration isn't a prototype [-Wstrict-prototypes]
 char pow ();
 ^
conftest.c:61:6: warning: conflicting types for built-in function 'pow'
 char pow ();
      ^
conftest.c:70:1: warning: function declaration isn't a prototype [-Wstrict-prototypes]
 main ()
 ^
/tmp/ccGaEVYX.o: In function `main':
/home/omer/workspace/keyManagerProject/encryption/pbc-0.5.4/conftest.c:72: undefined reference to `pow'
collect2: error: ld returned 1 exit status
configure:14018: $? = 1
configure: failed program was:
| /* confdefs.h.  */
| #define PACKAGE_NAME "pbc"
| #define PACKAGE_TARNAME "pbc"
| #define PACKAGE_VERSION "0.5.4"
| #define PACKAGE_STRING "pbc 0.5.4"
| #define PACKAGE_BUGREPORT "blynn@cs.stanford.edu"
| #define PACKAGE "pbc"
| #define VERSION "0.5.4"
| #define STDC_HEADERS 1
| #define HAVE_SYS_TYPES_H 1
| #define HAVE_SYS_STAT_H 1
| #define HAVE_STDLIB_H 1
| #define HAVE_STRING_H 1
| #define HAVE_MEMORY_H 1
| #define HAVE_STRINGS_H 1
| #define HAVE_INTTYPES_H 1
| #define HAVE_STDINT_H 1
| #define HAVE_UNISTD_H 1
| #define HAVE_DLFCN_H 1
| #define LT_OBJDIR ".libs/"
| #define HAVE_LIBM 1
| #define HAVE_LIBGMP 1
| #define HAVE_ALLOCA_H 1
| #define HAVE_ALLOCA 1
| #define STDC_HEADERS 1
| #define HAVE_STDLIB_H 1
| #define HAVE_STRING_H 1
| #define HAVE_SYS_TIME_H 1
| #define TIME_WITH_SYS_TIME 1
| #define HAVE_STDLIB_H 1
| #define HAVE_MALLOC 1
| #define HAVE_STDLIB_H 1
| #define HAVE_REALLOC 1
| #define HAVE_GETTIMEOFDAY 1
| #define HAVE_MEMMOVE 1
| #define HAVE_MEMSET 1
| /* end confdefs.h.  */
| /* Define pow to an innocuous variant, in case <limits.h> declares pow.
|    For example, HP-UX 11i <limits.h> declares gettimeofday.  */
| #define pow innocuous_pow
| 
| /* System header to define __stub macros and hopefully few prototypes,
|     which can conflict with char pow (); below.
|     Prefer <limits.h> to <assert.h> if __STDC__ is defined, since
|     <limits.h> exists even on freestanding compilers.  */
| 
| #ifdef __STDC__
| # include <limits.h>
| #else
| # include <assert.h>
| #endif
| 
| #undef pow
| 
| /* Override any GCC internal prototype to avoid an error.
|    Use char because int might match the return type of a GCC
|    builtin and then its argument prototype would still apply.  */
| #ifdef __cplusplus
| extern "C"
| #endif
| char pow ();
| /* The GNU C library defines this for functions which it implements
|     to always fail with ENOSYS.  Some functions are actually named
|     something starting with __ and the normal name is an alias.  */
| #if defined __stub_pow || defined __stub___pow
| choke me
| #endif
| 
| int
| main ()
| {
| return pow ();
|   ;
|   return 0;
| }
configure:14040: result: no
configure:13955: checking for sqrt
configure:14011: gcc -o conftest  -Wall -W -Wfloat-equal -Wpointer-arith -Wcast-align -Wstrict-prototypes -Wredundant-decls -Wendif-labels -Wshadow -pipe -ffast-math -U__STRICT_ANSI__ -std=gnu99 -g -O2   conftest.c  >&5
conftest.c:61:1: warning: function declaration isn't a prototype [-Wstrict-prototypes]
 char sqrt ();
 ^
conftest.c:61:6: warning: conflicting types for built-in function 'sqrt'
 char sqrt ();
      ^
conftest.c:70:1: warning: function declaration isn't a prototype [-Wstrict-prototypes]
 main ()
 ^
/tmp/cc1u3Or0.o: In function `main':
/home/omer/workspace/keyManagerProject/encryption/pbc-0.5.4/conftest.c:72: undefined reference to `sqrt'
collect2: error: ld returned 1 exit status
configure:14018: $? = 1
configure: failed program was:
| /* confdefs.h.  */
| #define PACKAGE_NAME "pbc"
| #define PACKAGE_TARNAME "pbc"
| #define PACKAGE_VERSION "0.5.4"
| #define PACKAGE_STRING "pbc 0.5.4"
| #define PACKAGE_BUGREPORT "blynn@cs.stanford.edu"
| #define PACKAGE "pbc"
| #define VERSION "0.5.4"
| #define STDC_HEADERS 1
| #define HAVE_SYS_TYPES_H 1
| #define HAVE_SYS_STAT_H 1
| #define HAVE_STDLIB_H 1
| #define HAVE_STRING_H 1
| #define HAVE_MEMORY_H 1
| #define HAVE_STRINGS_H 1
| #define HAVE_INTTYPES_H 1
| #define HAVE_STDINT_H 1
| #define HAVE_UNISTD_H 1
| #define HAVE_DLFCN_H 1
| #define LT_OBJDIR ".libs/"
| #define HAVE_LIBM 1
| #define HAVE_LIBGMP 1
| #define HAVE_ALLOCA_H 1
| #define HAVE_ALLOCA 1
| #define STDC_HEADERS 1
| #define HAVE_STDLIB_H 1
| #define HAVE_STRING_H 1
| #define HAVE_SYS_TIME_H 1
| #define TIME_WITH_SYS_TIME 1
| #define HAVE_STDLIB_H 1
| #define HAVE_MALLOC 1
| #define HAVE_STDLIB_H 1
| #define HAVE_REALLOC 1
| #define HAVE_GETTIMEOFDAY 1
| #define HAVE_MEMMOVE 1
| #define HAVE_MEMSET 1
| /* end confdefs.h.  */
| /* Define sqrt to an innocuous variant, in case <limits.h> declares sqrt.
|    For example, HP-UX 11i <limits.h> declares gettimeofday.  */
| #define sqrt innocuous_sqrt
| 
| /* System header to define __stub macros and hopefully few prototypes,
|     which can conflict with char sqrt (); below.
|     Prefer <limits.h> to <assert.h> if __STDC__ is defined, since
|     <limits.h> exists even on freestanding compilers.  */
| 
| #ifdef __STDC__
| # include <limits.h>
| #else
| # include <assert.h>
| #endif
| 
| #undef sqrt
| 
| /* Override any GCC internal prototype to avoid an error.
|    Use char because int might match the return type of a GCC
|    builtin and then its argument prototype would still apply.  */
| #ifdef __cplusplus
| extern "C"
| #endif
| char sqrt ();
| /* The GNU C library defines this for functions which it implements
|     to always fail with ENOSYS.  Some functions are actually named
|     something starting with __ and the normal name is an alias.  */
| #if defined __stub_sqrt || defined __stub___sqrt
| choke me
| #endif
| 
| int
| main ()
| {
| return sqrt ();
|   ;
|   return 0;
| }
configure:14040: result: no
configure:13955: checking for strchr
configure:14011: gcc -o conftest  -Wall -W -Wfloat-equal -Wpointer-arith -Wcast-align -Wstrict-prototypes -Wredundant-decls -Wendif-labels -Wshadow -pipe -ffast-math -U__STRICT_ANSI__ -std=gnu99 -g -O2   conftest.c  >&5
conftest.c:61:1: warning: function declaration isn't a prototype [-Wstrict-prototypes]
 char strchr ();
 ^
conftest.c:61:6: warning: conflicting types for built-in function 'strchr'
 char strchr ();
      ^
conftest.c:70:1: warning: function declaration isn't a prototype [-Wstrict-prototypes]
 main ()
 ^
configure:14018: $? = 0
configure:14040: result: yes
configure:13955: checking for strdup
configure:14011: gcc -o conftest  -Wall -W -Wfloat-equal -Wpointer-arith -Wcast-align -Wstrict-prototypes -Wredundant-decls -Wendif-labels -Wshadow -pipe -ffast-math -U__STRICT_ANSI__ -std=gnu99 -g -O2   conftest.c  >&5
conftest.c:62:1: warning: function declaration isn't a prototype [-Wstrict-prototypes]
 char strdup ();
 ^
conftest.c:62:6: warning: conflicting types for built-in function 'strdup'
 char strdup ();
      ^
conftest.c:71:1: warning: function declaration isn't a prototype [-Wstrict-prototypes]
 main ()
 ^
configure:14018: $? = 0
configure:14040: result: yes
configure:14178: creating ./config.status

## ---------------- ##
## Cache variables. ##
## ---------------- ##

ac_cv_build=x86_64-unknown-linux-gnu
ac_cv_c_compiler_gnu=yes
ac_cv_c_const=yes
ac_cv_c_inline=inline
ac_cv_env_CC_set=
ac_cv_env_CC_value=
ac_cv_env_CFLAGS_set=
ac_cv_env_CFLAGS_value=
ac_cv_env_CPPFLAGS_set=
ac_cv_env_CPPFLAGS_value=
ac_cv_env_CPP_set=
ac_cv_env_CPP_value=
ac_cv_env_LDFLAGS_set=
ac_cv_env_LDFLAGS_value=
ac_cv_env_LIBS_set=
ac_cv_env_LIBS_value=
ac_cv_env_build_alias_set=
ac_cv_env_build_alias_value=
ac_cv_env_host_alias_set=
ac_cv_env_host_alias_value=
ac_cv_env_target_alias_set=
ac_cv_env_target_alias_value=
ac_cv_func_alloca_works=yes
ac_cv_func_floor=no
ac_cv_func_gettimeofday=yes
ac_cv_func_malloc_0_nonnull=yes
ac_cv_func_memmove=yes
ac_cv_func_memset=yes
ac_cv_func_pow=no
ac_cv_func_realloc_0_nonnull=yes
ac_cv_func_sqrt=no
ac_cv_func_strchr=yes
ac_cv_func_strdup=yes
ac_cv_header_dlfcn_h=yes
ac_cv_header_inttypes_h=yes
ac_cv_header_memory_h=yes
ac_cv_header_stdc=yes
ac_cv_header_stdint_h=yes
ac_cv_header_stdlib_h=yes
ac_cv_header_string_h=yes
ac_cv_header_strings_h=yes
ac_cv_header_sys_stat_h=yes
ac_cv_header_sys_time_h=yes
ac_cv_header_sys_types_h=yes
ac_cv_header_time=yes
ac_cv_header_unistd_h=yes
ac_cv_host=x86_64-unknown-linux-gnu
ac_cv_lib_gmp___gmpz_init=yes
ac_cv_lib_m_pow=yes
ac_cv_objext=o
ac_cv_path_EGREP='/bin/grep -E'
ac_cv_path_FGREP='/bin/grep -F'
ac_cv_path_GREP=/bin/grep
ac_cv_path_SED=/bin/sed
ac_cv_path_install='/usr/bin/install -c'
ac_cv_path_mkdir=/bin/mkdir
ac_cv_prog_AWK=mawk
ac_cv_prog_CPP='gcc -E'
ac_cv_prog_ac_ct_AR=ar
ac_cv_prog_ac_ct_CC=gcc
ac_cv_prog_ac_ct_OBJDUMP=objdump
ac_cv_prog_ac_ct_RANLIB=ranlib
ac_cv_prog_ac_ct_STRIP=strip
ac_cv_prog_cc_c89=
ac_cv_prog_cc_g=yes
ac_cv_prog_make_make_set=yes
ac_cv_type_size_t=yes
ac_cv_working_alloca_h=yes
am_cv_CC_dependencies_compiler_type=gcc3
lt_cv_deplibs_check_method=pass_all
lt_cv_file_magic_cmd='$MAGIC_CMD'
lt_cv_file_magic_test_file=
lt_cv_ld_reload_flag=-r
lt_cv_nm_interface='BSD nm'
lt_cv_objdir=.libs
lt_cv_path_LD=/usr/bin/ld
lt_cv_path_NM='/usr/bin/nm -B'
lt_cv_prog_compiler_c_o=yes
lt_cv_prog_compiler_pic_works=yes
lt_cv_prog_compiler_rtti_exceptions=no
lt_cv_prog_compiler_static_works=yes
lt_cv_prog_gnu_ld=yes
lt_cv_sys_global_symbol_pipe='sed -n -e '\''s/^.*[	 ]\([ABCDGIRSTW][ABCDGIRSTW]*\)[	 ][	 ]*\([_A-Za-z][_A-Za-z0-9]*\)$/\1 \2 \2/p'\'''
lt_cv_sys_global_symbol_to_c_name_address='sed -n -e '\''s/^: \([^ ]*\) $/  {\"\1\", (void *) 0},/p'\'' -e '\''s/^[ABCDGIRSTW]* \([^ ]*\) \([^ ]*\)$/  {"\2", (void *) \&\2},/p'\'''
lt_cv_sys_global_symbol_to_c_name_address_lib_prefix='sed -n -e '\''s/^: \([^ ]*\) $/  {\"\1\", (void *) 0},/p'\'' -e '\''s/^[ABCDGIRSTW]* \([^ ]*\) \(lib[^ ]*\)$/  {"\2", (void *) \&\2},/p'\'' -e '\''s/^[ABCDGIRSTW]* \([^ ]*\) \([^ ]*\)$/  {"lib\2", (void *) \&\2},/p'\'''
lt_cv_sys_global_symbol_to_cdecl='sed -n -e '\''s/^T .* \(.*\)$/extern int \1();/p'\'' -e '\''s/^[ABCDGIRSTW]* .* \(.*\)$/extern char \1;/p'\'''
lt_cv_sys_max_cmd_len=1572864

## ----------------- ##
## Output variables. ##
## ----------------- ##

ACLOCAL='${SHELL} /home/omer/workspace/keyManagerProject/encryption/pbc-0.5.4/missing --run aclocal-1.10'
ALLOCA=''
AMDEPBACKSLASH='\'
AMDEP_FALSE='#'
AMDEP_TRUE=''
AMTAR='${SHELL} /home/omer/workspace/keyManagerProject/encryption/pbc-0.5.4/missing --run tar'
AR='ar'
AUTOCONF='${SHELL} /home/omer/workspace/keyManagerProject/encryption/pbc-0.5.4/missing --run autoconf'
AUTOHEADER='${SHELL} /home/omer/workspace/keyManagerProject/encryption/pbc-0.5.4/missing --run autoheader'
AUTOMAKE='${SHELL} /home/omer/workspace/keyManagerProject/encryption/pbc-0.5.4/missing --run automake-1.10'
AWK='mawk'
CC='gcc'
CCDEPMODE='depmode=gcc3'
CFLAGS=' -Wall -W -Wfloat-equal -Wpointer-arith -Wcast-align -Wstrict-prototypes -Wredundant-decls -Wendif-labels -Wshadow -pipe -ffast-math -U__STRICT_ANSI__ -std=gnu99 -g -O2'
CPP='gcc -E'
CPPFLAGS=''
CYGPATH_W='echo'
DEFS='-DHAVE_CONFIG_H'
DEPDIR='.deps'
DSYMUTIL=''
DUMPBIN=''
ECHO_C=''
ECHO_N='-n'
ECHO_T=''
EGREP='/bin/grep -E'
EXEEXT=''
FGREP='/bin/grep -F'
GREP='/bin/grep'
INSTALL_DATA='${INSTALL} -m 644'
INSTALL_PROGRAM='${INSTALL}'
INSTALL_SCRIPT='${INSTALL}'
INSTALL_STRIP_PROGRAM='$(install_sh) -c -s'
LD='/usr/bin/ld -m elf_x86_64'
LDFLAGS=''
LIBOBJS=''
LIBS=''
LIBTOOL='$(SHELL) $(top_builddir)/libtool'
LIPO=''
LN_S='ln -s'
LTLIBOBJS=''
MAKEINFO='${SHELL} /home/omer/workspace/keyManagerProject/encryption/pbc-0.5.4/missing --run makeinfo'
MKDIR_P='/bin/mkdir -p'
NM='/usr/bin/nm -B'
NMEDIT=''
OBJDUMP='objdump'
OBJEXT='o'
OTOOL64=''
OTOOL=''
PACKAGE='pbc'
PACKAGE_BUGREPORT='blynn@cs.stanford.edu'
PACKAGE_NAME='pbc'
PACKAGE_STRING='pbc 0.5.4'
PACKAGE_TARNAME='pbc'
PACKAGE_VERSION='0.5.4'
PATH_SEPARATOR=':'
RANLIB='ranlib'
SED='/bin/sed'
SET_MAKE=''
SHELL='/bin/bash'
STRIP='strip'
VERSION='0.5.4'
ac_ct_CC='gcc'
ac_ct_DUMPBIN=''
am__fastdepCC_FALSE='#'
am__fastdepCC_TRUE=''
am__include='include'
am__isrc=''
am__leading_dot='.'
am__quote=''
am__tar='${AMTAR} chof - "$$tardir"'
am__untar='${AMTAR} xf -'
bindir='${exec_prefix}/bin'
build='x86_64-unknown-linux-gnu'
build_alias=''
build_cpu='x86_64'
build_os='linux-gnu'
build_vendor='unknown'
datadir='${datarootdir}'
datarootdir='${prefix}/share'
docdir='${datarootdir}/doc/${PACKAGE_TARNAME}'
dvidir='${docdir}'
exec_prefix='${prefix}'
host='x86_64-unknown-linux-gnu'
host_alias=''
host_cpu='x86_64'
host_os='linux-gnu'
host_vendor='unknown'
htmldir='${docdir}'
includedir='${prefix}/include'
infodir='${datarootdir}/info'
install_sh='$(SHELL) /home/omer/workspace/keyManagerProject/encryption/pbc-0.5.4/install-sh'
libdir='${exec_prefix}/lib'
libexecdir='${exec_prefix}/libexec'
localedir='${datarootdir}/locale'
localstatedir='${prefix}/var'
lt_ECHO='echo'
mandir='${datarootdir}/man'
mkdir_p='/bin/mkdir -p'
oldincludedir='/usr/include'
pdfdir='${docdir}'
prefix='/usr/local'
program_transform_name='s,x,x,'
psdir='${docdir}'
sbindir='${exec_prefix}/sbin'
sharedstatedir='${prefix}/com'
sysconfdir='${prefix}/etc'
target_alias=''

## ----------- ##
## confdefs.h. ##
## ----------- ##

#define PACKAGE_NAME "pbc"
#define PACKAGE_TARNAME "pbc"
#define PACKAGE_VERSION "0.5.4"
#define PACKAGE_STRING "pbc 0.5.4"
#define PACKAGE_BUGREPORT "blynn@cs.stanford.edu"
#define PACKAGE "pbc"
#define VERSION "0.5.4"
#define STDC_HEADERS 1
#define HAVE_SYS_TYPES_H 1
#define HAVE_SYS_STAT_H 1
#define HAVE_STDLIB_H 1
#define HAVE_STRING_H 1
#define HAVE_MEMORY_H 1
#define HAVE_STRINGS_H 1
#define HAVE_INTTYPES_H 1
#define HAVE_STDINT_H 1
#define HAVE_UNISTD_H 1
#define HAVE_DLFCN_H 1
#define LT_OBJDIR ".libs/"
#define HAVE_LIBM 1
#define HAVE_LIBGMP 1
#define HAVE_ALLOCA_H 1
#define HAVE_ALLOCA 1
#define STDC_HEADERS 1
#define HAVE_STDLIB_H 1
#define HAVE_STRING_H 1
#define HAVE_SYS_TIME_H 1
#define TIME_WITH_SYS_TIME 1
#define HAVE_STDLIB_H 1
#define HAVE_MALLOC 1
#define HAVE_STDLIB_H 1
#define HAVE_REALLOC 1
#define HAVE_GETTIMEOFDAY 1
#define HAVE_MEMMOVE 1
#define HAVE_MEMSET 1
#define HAVE_STRCHR 1
#define HAVE_STRDUP 1

configure: exit 0

## ---------------------- ##
## Running config.status. ##
## ---------------------- ##

This file was extended by pbc config.status 0.5.4, which was
generated by GNU Autoconf 2.63.  Invocation command line was

  CONFIG_FILES    = 
  CONFIG_HEADERS  = 
  CONFIG_LINKS    = 
  CONFIG_COMMANDS = 
  $ ./config.status 

on omer-ubuntu

config.status:1003: creating Makefile
config.status:1003: creating example/Makefile
config.status:1003: creating gen/Makefile
config.status:1003: creating config.h
config.status:1225: config.h is unchanged
config.status:1277: executing depfiles commands
config.status:1277: executing libtool commands

## ---------------------- ##
## Running config.status. ##
## ---------------------- ##

This file was extended by pbc config.status 0.5.4, which was
generated by GNU Autoconf 2.63.  Invocation command line was

  CONFIG_FILES    = 
  CONFIG_HEADERS  = 
  CONFIG_LINKS    = 
  CONFIG_COMMANDS = 
  $ ./config.status config.h

on omer-ubuntu

config.status:1003: creating config.h
config.status:1225: config.h is unchanged
