0 info it worked if it ends with ok
1 verbose cli [ 'C:\\Program Files\\nodejs\\node.exe',
1 verbose cli   'C:\\Program Files\\nodejs\\node_modules\\npm\\bin\\npm-cli.js',
1 verbose cli   'install',
1 verbose cli   'dgram' ]
2 info using npm@2.15.1
3 info using node@v4.4.4
4 verbose install initial load of D:\Git\easybroadcast\broadcaster\package.json
5 warn package.json broadcaster@1.0.0 No repository field.
6 warn package.json broadcaster@1.0.0 No README data
7 verbose readDependencies loading dependencies from D:\Git\easybroadcast\broadcaster\package.json
8 silly cache add args [ 'dgram', null ]
9 verbose cache add spec dgram
10 silly cache add parsed spec Result {
10 silly cache add   raw: 'dgram',
10 silly cache add   scope: null,
10 silly cache add   name: 'dgram',
10 silly cache add   rawSpec: '',
10 silly cache add   spec: 'latest',
10 silly cache add   type: 'tag' }
11 silly addNamed dgram@latest
12 verbose addNamed "latest" is being treated as a dist-tag for dgram
13 info addNameTag [ 'dgram', 'latest' ]
14 silly mapToRegistry name dgram
15 silly mapToRegistry using default registry
16 silly mapToRegistry registry https://registry.npmjs.org/
17 silly mapToRegistry data Result {
17 silly mapToRegistry   raw: 'dgram',
17 silly mapToRegistry   scope: null,
17 silly mapToRegistry   name: 'dgram',
17 silly mapToRegistry   rawSpec: '',
17 silly mapToRegistry   spec: 'latest',
17 silly mapToRegistry   type: 'tag' }
18 silly mapToRegistry uri https://registry.npmjs.org/dgram
19 verbose addNameTag registry:https://registry.npmjs.org/dgram not in flight; fetching
20 verbose request uri https://registry.npmjs.org/dgram
21 verbose request no auth needed
22 info attempt registry request try #1 at 17:46:06
23 verbose request id b93cdd355744de97
24 http request GET https://registry.npmjs.org/dgram
25 http 404 https://registry.npmjs.org/dgram
26 verbose headers { 'content-type': 'application/json',
26 verbose headers   'cache-control': 'max-age=0',
26 verbose headers   'content-length': '2',
26 verbose headers   'accept-ranges': 'bytes',
26 verbose headers   date: 'Sun, 14 Aug 2016 14:46:10 GMT',
26 verbose headers   via: '1.1 varnish',
26 verbose headers   age: '0',
26 verbose headers   connection: 'keep-alive',
26 verbose headers   'x-served-by': 'cache-fra1242-FRA',
26 verbose headers   'x-cache': 'MISS',
26 verbose headers   'x-cache-hits': '0',
26 verbose headers   'x-timer': 'S1471185969.854609,VS0,VE429',
26 verbose headers   vary: 'Accept-Encoding' }
27 silly get cb [ 404,
27 silly get   { 'content-type': 'application/json',
27 silly get     'cache-control': 'max-age=0',
27 silly get     'content-length': '2',
27 silly get     'accept-ranges': 'bytes',
27 silly get     date: 'Sun, 14 Aug 2016 14:46:10 GMT',
27 silly get     via: '1.1 varnish',
27 silly get     age: '0',
27 silly get     connection: 'keep-alive',
27 silly get     'x-served-by': 'cache-fra1242-FRA',
27 silly get     'x-cache': 'MISS',
27 silly get     'x-cache-hits': '0',
27 silly get     'x-timer': 'S1471185969.854609,VS0,VE429',
27 silly get     vary: 'Accept-Encoding' } ]
28 verbose stack Error: Registry returned 404 for GET on https://registry.npmjs.org/dgram
28 verbose stack     at makeError (C:\Program Files\nodejs\node_modules\npm\node_modules\npm-registry-client\lib\request.js:264:12)
28 verbose stack     at CachingRegistryClient.<anonymous> (C:\Program Files\nodejs\node_modules\npm\node_modules\npm-registry-client\lib\request.js:242:14)
28 verbose stack     at Request._callback (C:\Program Files\nodejs\node_modules\npm\node_modules\npm-registry-client\lib\request.js:172:14)
28 verbose stack     at Request.self.callback (C:\Program Files\nodejs\node_modules\npm\node_modules\request\request.js:199:22)
28 verbose stack     at emitTwo (events.js:87:13)
28 verbose stack     at Request.emit (events.js:172:7)
28 verbose stack     at Request.<anonymous> (C:\Program Files\nodejs\node_modules\npm\node_modules\request\request.js:1036:10)
28 verbose stack     at emitOne (events.js:82:20)
28 verbose stack     at Request.emit (events.js:169:7)
28 verbose stack     at IncomingMessage.<anonymous> (C:\Program Files\nodejs\node_modules\npm\node_modules\request\request.js:963:12)
29 verbose statusCode 404
30 verbose pkgid dgram
31 verbose cwd D:\Git\easybroadcast\broadcaster
32 error Windows_NT 6.1.7601
33 error argv "C:\\Program Files\\nodejs\\node.exe" "C:\\Program Files\\nodejs\\node_modules\\npm\\bin\\npm-cli.js" "install" "dgram"
34 error node v4.4.4
35 error npm  v2.15.1
36 error code E404
37 error 404 Registry returned 404 for GET on https://registry.npmjs.org/dgram
37 error 404
37 error 404 'dgram' is not in the npm registry.
37 error 404 Your package name is not valid, because
37 error 404
37 error 404  1. dgram is a core module name
37 error 404 It was specified as a dependency of 'broadcaster'
37 error 404
37 error 404 Note that you can also install from a
37 error 404 tarball, folder, http url, or git url.
38 verbose exit [ 1, true ]
